[2025-06-10T22:44:59.398+0700] {local_task_job_runner.py:123} INFO - ::group::Pre task execution logs
[2025-06-10T22:44:59.484+0700] {taskinstance.py:2603} INFO - Dependencies all met for dep_context=non-requeueable deps ti=<TaskInstance: earthquake_data_ingestion.generate_ingestion_report scheduled__2025-06-08T23:00:00+00:00 [queued]>
[2025-06-10T22:44:59.517+0700] {taskinstance.py:2603} INFO - Dependencies all met for dep_context=requeueable deps ti=<TaskInstance: earthquake_data_ingestion.generate_ingestion_report scheduled__2025-06-08T23:00:00+00:00 [queued]>
[2025-06-10T22:44:59.522+0700] {taskinstance.py:2856} INFO - Starting attempt 1 of 3
[2025-06-10T22:44:59.571+0700] {taskinstance.py:2879} INFO - Executing <Task(PythonOperator): generate_ingestion_report> on 2025-06-08 23:00:00+00:00
[2025-06-10T22:44:59.585+0700] {standard_task_runner.py:72} INFO - Started process 15708 to run task
[2025-06-10T22:44:59.598+0700] {standard_task_runner.py:104} INFO - Running: ['airflow', 'tasks', 'run', 'earthquake_data_ingestion', 'generate_ingestion_report', 'scheduled__2025-06-08T23:00:00+00:00', '--job-id', '6', '--raw', '--subdir', 'DAGS_FOLDER/ingestion.py', '--cfg-path', '/tmp/tmpp7xuf41l']
[2025-06-10T22:44:59.609+0700] {standard_task_runner.py:105} INFO - Job 6: Subtask generate_ingestion_report
[2025-06-10T22:44:59.858+0700] {task_command.py:467} INFO - Running <TaskInstance: earthquake_data_ingestion.generate_ingestion_report scheduled__2025-06-08T23:00:00+00:00 [running]> on host DESKTOP-1U3MHTH.
[2025-06-10T22:45:00.385+0700] {taskinstance.py:3122} INFO - Exporting env vars: AIRFLOW_CTX_DAG_OWNER='magnitudr-team' AIRFLOW_CTX_DAG_ID='earthquake_data_ingestion' AIRFLOW_CTX_TASK_ID='generate_ingestion_report' AIRFLOW_CTX_EXECUTION_DATE='2025-06-08T23:00:00+00:00' AIRFLOW_CTX_TRY_NUMBER='1' AIRFLOW_CTX_DAG_RUN_ID='scheduled__2025-06-08T23:00:00+00:00'
[2025-06-10T22:45:00.397+0700] {taskinstance.py:731} INFO - ::endgroup::
[2025-06-10T22:45:00.953+0700] {ingestion.py:382} INFO - 📋 Generating ingestion pipeline report...
[2025-06-10T22:45:01.018+0700] {ingestion.py:416} INFO - ✅ Ingestion pipeline report generated
[2025-06-10T22:45:01.025+0700] {ingestion.py:417} INFO - 📁 Report saved to: /home/naufal/magnitudr/data/airflow_output/ingestion_pipeline_report.json
[2025-06-10T22:45:01.029+0700] {python.py:240} INFO - Done. Returned value was: /home/naufal/magnitudr/data/airflow_output/ingestion_pipeline_report.json
[2025-06-10T22:45:01.166+0700] {taskinstance.py:340} INFO - ::group::Post task execution logs
[2025-06-10T22:45:01.172+0700] {taskinstance.py:352} INFO - Marking task as SUCCESS. dag_id=earthquake_data_ingestion, task_id=generate_ingestion_report, run_id=scheduled__2025-06-08T23:00:00+00:00, execution_date=20250608T230000, start_date=20250610T154459, end_date=20250610T154501
[2025-06-10T22:45:01.230+0700] {local_task_job_runner.py:261} INFO - Task exited with return code 0
[2025-06-10T22:45:01.310+0700] {taskinstance.py:3891} INFO - 0 downstream tasks scheduled from follow-on schedule check
[2025-06-10T22:45:01.318+0700] {local_task_job_runner.py:240} INFO - ::endgroup::
