[2025-06-10T22:53:35.919+0700] {local_task_job_runner.py:123} INFO - ::group::Pre task execution logs
[2025-06-10T22:53:36.079+0700] {taskinstance.py:2603} INFO - Dependencies all met for dep_context=non-requeueable deps ti=<TaskInstance: earthquake_data_ingestion.transform_and_enrich_data manual__2025-06-10T15:52:48+00:00 [queued]>
[2025-06-10T22:53:36.153+0700] {taskinstance.py:2603} INFO - Dependencies all met for dep_context=requeueable deps ti=<TaskInstance: earthquake_data_ingestion.transform_and_enrich_data manual__2025-06-10T15:52:48+00:00 [queued]>
[2025-06-10T22:53:36.178+0700] {taskinstance.py:2856} INFO - Starting attempt 1 of 3
[2025-06-10T22:53:36.266+0700] {taskinstance.py:2879} INFO - Executing <Task(PythonOperator): transform_and_enrich_data> on 2025-06-10 15:52:48+00:00
[2025-06-10T22:53:36.302+0700] {standard_task_runner.py:72} INFO - Started process 17118 to run task
[2025-06-10T22:53:36.342+0700] {standard_task_runner.py:104} INFO - Running: ['airflow', 'tasks', 'run', 'earthquake_data_ingestion', 'transform_and_enrich_data', 'manual__2025-06-10T15:52:48+00:00', '--job-id', '10', '--raw', '--subdir', 'DAGS_FOLDER/ingestion.py', '--cfg-path', '/tmp/tmpsfqg5cb1']
[2025-06-10T22:53:36.362+0700] {standard_task_runner.py:105} INFO - Job 10: Subtask transform_and_enrich_data
[2025-06-10T22:53:36.685+0700] {task_command.py:467} INFO - Running <TaskInstance: earthquake_data_ingestion.transform_and_enrich_data manual__2025-06-10T15:52:48+00:00 [running]> on host DESKTOP-1U3MHTH.
[2025-06-10T22:53:37.106+0700] {taskinstance.py:3122} INFO - Exporting env vars: AIRFLOW_CTX_DAG_OWNER='magnitudr-team' AIRFLOW_CTX_DAG_ID='earthquake_data_ingestion' AIRFLOW_CTX_TASK_ID='transform_and_enrich_data' AIRFLOW_CTX_EXECUTION_DATE='2025-06-10T15:52:48+00:00' AIRFLOW_CTX_TRY_NUMBER='1' AIRFLOW_CTX_DAG_RUN_ID='manual__2025-06-10T15:52:48+00:00'
[2025-06-10T22:53:37.115+0700] {taskinstance.py:731} INFO - ::endgroup::
[2025-06-10T22:53:37.936+0700] {ingestion.py:254} INFO - 🔄 Transforming and enriching earthquake data...
[2025-06-10T22:53:38.326+0700] {ingestion.py:362} INFO - ✅ Data transformation and enrichment completed
[2025-06-10T22:53:38.330+0700] {ingestion.py:363} INFO - 📊 Total features: 30
[2025-06-10T22:53:38.334+0700] {ingestion.py:364} INFO - 📊 Average risk score: 3.09
[2025-06-10T22:53:38.337+0700] {ingestion.py:365} INFO - 📊 High-risk events (≥7): 0
[2025-06-10T22:53:38.341+0700] {ingestion.py:366} INFO - 📁 Enriched data saved to: /home/naufal/magnitudr/data/airflow_output/enriched_earthquake_data.csv
[2025-06-10T22:53:38.452+0700] {python.py:240} INFO - Done. Returned value was: /home/naufal/magnitudr/data/airflow_output/enriched_earthquake_data.csv
[2025-06-10T22:53:38.558+0700] {taskinstance.py:340} INFO - ::group::Post task execution logs
[2025-06-10T22:53:38.563+0700] {taskinstance.py:352} INFO - Marking task as SUCCESS. dag_id=earthquake_data_ingestion, task_id=transform_and_enrich_data, run_id=manual__2025-06-10T15:52:48+00:00, execution_date=20250610T155248, start_date=20250610T155336, end_date=20250610T155338
[2025-06-10T22:53:38.631+0700] {local_task_job_runner.py:261} INFO - Task exited with return code 0
[2025-06-10T22:53:38.732+0700] {taskinstance.py:3891} INFO - 1 downstream tasks scheduled from follow-on schedule check
[2025-06-10T22:53:38.742+0700] {local_task_job_runner.py:240} INFO - ::endgroup::
