[2025-06-10T22:53:51.375+0700] {local_task_job_runner.py:123} INFO - ::group::Pre task execution logs
[2025-06-10T22:53:51.440+0700] {taskinstance.py:2603} INFO - Dependencies all met for dep_context=non-requeueable deps ti=<TaskInstance: earthquake_data_ingestion.generate_ingestion_report manual__2025-06-10T15:52:48+00:00 [queued]>
[2025-06-10T22:53:51.467+0700] {taskinstance.py:2603} INFO - Dependencies all met for dep_context=requeueable deps ti=<TaskInstance: earthquake_data_ingestion.generate_ingestion_report manual__2025-06-10T15:52:48+00:00 [queued]>
[2025-06-10T22:53:51.470+0700] {taskinstance.py:2856} INFO - Starting attempt 1 of 3
[2025-06-10T22:53:51.509+0700] {taskinstance.py:2879} INFO - Executing <Task(PythonOperator): generate_ingestion_report> on 2025-06-10 15:52:48+00:00
[2025-06-10T22:53:51.525+0700] {standard_task_runner.py:72} INFO - Started process 17187 to run task
[2025-06-10T22:53:51.535+0700] {standard_task_runner.py:104} INFO - Running: ['airflow', 'tasks', 'run', 'earthquake_data_ingestion', 'generate_ingestion_report', 'manual__2025-06-10T15:52:48+00:00', '--job-id', '11', '--raw', '--subdir', 'DAGS_FOLDER/ingestion.py', '--cfg-path', '/tmp/tmpo_jrjpln']
[2025-06-10T22:53:51.545+0700] {standard_task_runner.py:105} INFO - Job 11: Subtask generate_ingestion_report
[2025-06-10T22:53:51.784+0700] {task_command.py:467} INFO - Running <TaskInstance: earthquake_data_ingestion.generate_ingestion_report manual__2025-06-10T15:52:48+00:00 [running]> on host DESKTOP-1U3MHTH.
[2025-06-10T22:53:52.249+0700] {taskinstance.py:3122} INFO - Exporting env vars: AIRFLOW_CTX_DAG_OWNER='magnitudr-team' AIRFLOW_CTX_DAG_ID='earthquake_data_ingestion' AIRFLOW_CTX_TASK_ID='generate_ingestion_report' AIRFLOW_CTX_EXECUTION_DATE='2025-06-10T15:52:48+00:00' AIRFLOW_CTX_TRY_NUMBER='1' AIRFLOW_CTX_DAG_RUN_ID='manual__2025-06-10T15:52:48+00:00'
[2025-06-10T22:53:52.258+0700] {taskinstance.py:731} INFO - ::endgroup::
[2025-06-10T22:53:52.815+0700] {ingestion.py:382} INFO - 📋 Generating ingestion pipeline report...
[2025-06-10T22:53:52.859+0700] {ingestion.py:416} INFO - ✅ Ingestion pipeline report generated
[2025-06-10T22:53:52.863+0700] {ingestion.py:417} INFO - 📁 Report saved to: /home/naufal/magnitudr/data/airflow_output/ingestion_pipeline_report.json
[2025-06-10T22:53:52.866+0700] {python.py:240} INFO - Done. Returned value was: /home/naufal/magnitudr/data/airflow_output/ingestion_pipeline_report.json
[2025-06-10T22:53:52.967+0700] {taskinstance.py:340} INFO - ::group::Post task execution logs
[2025-06-10T22:53:52.971+0700] {taskinstance.py:352} INFO - Marking task as SUCCESS. dag_id=earthquake_data_ingestion, task_id=generate_ingestion_report, run_id=manual__2025-06-10T15:52:48+00:00, execution_date=20250610T155248, start_date=20250610T155351, end_date=20250610T155352
[2025-06-10T22:53:53.042+0700] {local_task_job_runner.py:261} INFO - Task exited with return code 0
[2025-06-10T22:53:53.108+0700] {taskinstance.py:3891} INFO - 0 downstream tasks scheduled from follow-on schedule check
[2025-06-10T22:53:53.119+0700] {local_task_job_runner.py:240} INFO - ::endgroup::
