[2025-06-10T22:44:45.669+0700] {local_task_job_runner.py:123} INFO - ::group::Pre task execution logs
[2025-06-10T22:44:45.745+0700] {taskinstance.py:2603} INFO - Dependencies all met for dep_context=non-requeueable deps ti=<TaskInstance: earthquake_data_ingestion.transform_and_enrich_data scheduled__2025-06-08T23:00:00+00:00 [queued]>
[2025-06-10T22:44:45.778+0700] {taskinstance.py:2603} INFO - Dependencies all met for dep_context=requeueable deps ti=<TaskInstance: earthquake_data_ingestion.transform_and_enrich_data scheduled__2025-06-08T23:00:00+00:00 [queued]>
[2025-06-10T22:44:45.783+0700] {taskinstance.py:2856} INFO - Starting attempt 1 of 3
[2025-06-10T22:44:45.854+0700] {taskinstance.py:2879} INFO - Executing <Task(PythonOperator): transform_and_enrich_data> on 2025-06-08 23:00:00+00:00
[2025-06-10T22:44:45.876+0700] {standard_task_runner.py:72} INFO - Started process 15638 to run task
[2025-06-10T22:44:45.886+0700] {standard_task_runner.py:104} INFO - Running: ['airflow', 'tasks', 'run', 'earthquake_data_ingestion', 'transform_and_enrich_data', 'scheduled__2025-06-08T23:00:00+00:00', '--job-id', '5', '--raw', '--subdir', 'DAGS_FOLDER/ingestion.py', '--cfg-path', '/tmp/tmp6xhulesy']
[2025-06-10T22:44:45.897+0700] {standard_task_runner.py:105} INFO - Job 5: Subtask transform_and_enrich_data
[2025-06-10T22:44:46.217+0700] {task_command.py:467} INFO - Running <TaskInstance: earthquake_data_ingestion.transform_and_enrich_data scheduled__2025-06-08T23:00:00+00:00 [running]> on host DESKTOP-1U3MHTH.
[2025-06-10T22:44:46.611+0700] {taskinstance.py:3122} INFO - Exporting env vars: AIRFLOW_CTX_DAG_OWNER='magnitudr-team' AIRFLOW_CTX_DAG_ID='earthquake_data_ingestion' AIRFLOW_CTX_TASK_ID='transform_and_enrich_data' AIRFLOW_CTX_EXECUTION_DATE='2025-06-08T23:00:00+00:00' AIRFLOW_CTX_TRY_NUMBER='1' AIRFLOW_CTX_DAG_RUN_ID='scheduled__2025-06-08T23:00:00+00:00'
[2025-06-10T22:44:46.618+0700] {taskinstance.py:731} INFO - ::endgroup::
[2025-06-10T22:44:46.977+0700] {ingestion.py:254} INFO - 🔄 Transforming and enriching earthquake data...
[2025-06-10T22:44:47.655+0700] {ingestion.py:362} INFO - ✅ Data transformation and enrichment completed
[2025-06-10T22:44:47.659+0700] {ingestion.py:363} INFO - 📊 Total features: 30
[2025-06-10T22:44:47.665+0700] {ingestion.py:364} INFO - 📊 Average risk score: 3.09
[2025-06-10T22:44:47.676+0700] {ingestion.py:365} INFO - 📊 High-risk events (≥7): 0
[2025-06-10T22:44:47.680+0700] {ingestion.py:366} INFO - 📁 Enriched data saved to: /home/naufal/magnitudr/data/airflow_output/enriched_earthquake_data.csv
[2025-06-10T22:44:47.804+0700] {python.py:240} INFO - Done. Returned value was: /home/naufal/magnitudr/data/airflow_output/enriched_earthquake_data.csv
[2025-06-10T22:44:47.971+0700] {taskinstance.py:340} INFO - ::group::Post task execution logs
[2025-06-10T22:44:47.975+0700] {taskinstance.py:352} INFO - Marking task as SUCCESS. dag_id=earthquake_data_ingestion, task_id=transform_and_enrich_data, run_id=scheduled__2025-06-08T23:00:00+00:00, execution_date=20250608T230000, start_date=20250610T154445, end_date=20250610T154447
[2025-06-10T22:44:48.055+0700] {local_task_job_runner.py:261} INFO - Task exited with return code 0
[2025-06-10T22:44:48.164+0700] {taskinstance.py:3891} INFO - 1 downstream tasks scheduled from follow-on schedule check
[2025-06-10T22:44:48.175+0700] {local_task_job_runner.py:240} INFO - ::endgroup::
